2014-02-13T10:17:14+00:00 INFO (6):  
2014-02-13T10:17:14+00:00 INFO (6): ------------------------PENDINGS: XDDR2189------------------------------------
2014-02-13T10:17:14+00:00 INFO (6): ------------------------Request /pendings?user_id=XDDR2189&user_phone=&mac_address-address=web1392286452369&with_is_active=true
2014-02-13T10:17:14+00:00 INFO (6): ------------------------RESPONSE: OK,0,1-------------------------------------
2014-02-13T10:17:14+00:00 INFO (6):  
2014-02-13T10:17:14+00:00 INFO (6): ------------------------COMMIT ------------------------------------
2014-02-13T10:17:27+00:00 INFO (6):  
2014-02-13T10:17:27+00:00 INFO (6): ------------------------PENDINGS: XDDR2189------------------------------------
2014-02-13T10:17:27+00:00 INFO (6): ------------------------Request /pendings?user_id=XDDR2189&user_phone=&mac_address-address=web1392286452369&with_is_active=true
2014-02-13T10:17:27+00:00 INFO (6): ------------------------RESPONSE: OK,0,1-------------------------------------
2014-02-13T10:17:27+00:00 INFO (6):  
2014-02-13T10:17:27+00:00 INFO (6): ------------------------COMMIT ------------------------------------
2014-02-13T10:17:40+00:00 INFO (6):  
2014-02-13T10:17:40+00:00 INFO (6): ------------------------PENDINGS: XDDR2189------------------------------------
2014-02-13T10:17:40+00:00 INFO (6): ------------------------Request /pendings?user_id=XDDR2189&user_phone=&mac_address-address=web1392286452369&with_is_active=true
2014-02-13T10:17:40+00:00 INFO (6): ------------------------RESPONSE: OK,0,1-------------------------------------
2014-02-13T10:17:40+00:00 INFO (6):  
2014-02-13T10:17:40+00:00 INFO (6): ------------------------COMMIT ------------------------------------
2014-02-13T10:17:53+00:00 INFO (6):  
2014-02-13T10:17:53+00:00 INFO (6): ------------------------PENDINGS: XDDR2189------------------------------------
2014-02-13T10:17:53+00:00 INFO (6): ------------------------Request /pendings?user_id=XDDR2189&user_phone=&mac_address-address=web1392286452369&with_is_active=true
2014-02-13T10:17:53+00:00 INFO (6): ------------------------RESPONSE: OK,0,1-------------------------------------
2014-02-13T10:17:53+00:00 INFO (6):  
2014-02-13T10:17:53+00:00 INFO (6): ------------------------COMMIT ------------------------------------
2014-02-13T10:18:06+00:00 INFO (6):  
2014-02-13T10:18:06+00:00 INFO (6): ------------------------PENDINGS: XDDR2189------------------------------------
2014-02-13T10:18:06+00:00 INFO (6): ------------------------Request /pendings?user_id=XDDR2189&user_phone=&mac_address-address=web1392286452369&with_is_active=true
2014-02-13T10:18:06+00:00 INFO (6): ------------------------RESPONSE: OK,0,1-------------------------------------
2014-02-13T10:18:06+00:00 INFO (6):  
2014-02-13T10:18:06+00:00 INFO (6): ------------------------COMMIT ------------------------------------
2014-02-13T10:18:19+00:00 INFO (6):  
2014-02-13T10:18:19+00:00 INFO (6): ------------------------PENDINGS: XDDR2189------------------------------------
2014-02-13T10:18:19+00:00 INFO (6): ------------------------Request /pendings?user_id=XDDR2189&user_phone=&mac_address-address=web1392286452369&with_is_active=true
2014-02-13T10:18:19+00:00 INFO (6): ------------------------RESPONSE: OK,0,1-------------------------------------
2014-02-13T10:18:19+00:00 INFO (6):  
2014-02-13T10:18:19+00:00 INFO (6): ------------------------COMMIT ------------------------------------
2014-02-13T10:18:32+00:00 INFO (6):  
2014-02-13T10:18:32+00:00 INFO (6): ------------------------PENDINGS: XDDR2189------------------------------------
2014-02-13T10:18:32+00:00 INFO (6): ------------------------Request /pendings?user_id=XDDR2189&user_phone=&mac_address-address=web1392286452369&with_is_active=true
2014-02-13T10:18:32+00:00 INFO (6): ------------------------RESPONSE: OK,0,1-------------------------------------
2014-02-13T10:18:32+00:00 INFO (6):  
2014-02-13T10:18:32+00:00 INFO (6): ------------------------COMMIT ------------------------------------
2014-02-13T10:18:45+00:00 INFO (6):  
2014-02-13T10:18:45+00:00 INFO (6): ------------------------PENDINGS: XDDR2189------------------------------------
2014-02-13T10:18:45+00:00 INFO (6): ------------------------Request /pendings?user_id=XDDR2189&user_phone=&mac_address-address=web1392286452369&with_is_active=true
2014-02-13T10:18:45+00:00 INFO (6): ------------------------RESPONSE: OK,0,1-------------------------------------
2014-02-13T10:18:45+00:00 INFO (6):  
2014-02-13T10:18:45+00:00 INFO (6): ------------------------COMMIT ------------------------------------
2014-02-13T10:18:58+00:00 INFO (6):  
2014-02-13T10:18:58+00:00 INFO (6): ------------------------PENDINGS: XDDR2189------------------------------------
2014-02-13T10:18:58+00:00 INFO (6): ------------------------Request /pendings?user_id=XDDR2189&user_phone=&mac_address-address=web1392286452369&with_is_active=true
2014-02-13T10:18:58+00:00 INFO (6): ------------------------RESPONSE: OK,0,1-------------------------------------
2014-02-13T10:18:58+00:00 INFO (6):  
2014-02-13T10:18:58+00:00 INFO (6): ------------------------COMMIT ------------------------------------
2014-02-13T10:19:11+00:00 INFO (6):  
2014-02-13T10:19:11+00:00 INFO (6): ------------------------PENDINGS: XDDR2189------------------------------------
2014-02-13T10:19:11+00:00 INFO (6): ------------------------Request /pendings?user_id=XDDR2189&user_phone=&mac_address-address=web1392286452369&with_is_active=true
2014-02-13T10:19:11+00:00 INFO (6): ------------------------RESPONSE: OK,0,1-------------------------------------
2014-02-13T10:19:11+00:00 INFO (6):  
2014-02-13T10:19:11+00:00 INFO (6): ------------------------COMMIT ------------------------------------
2014-02-13T10:19:24+00:00 INFO (6):  
2014-02-13T10:19:24+00:00 INFO (6): ------------------------PENDINGS: XDDR2189------------------------------------
2014-02-13T10:19:24+00:00 INFO (6): ------------------------Request /pendings?user_id=XDDR2189&user_phone=&mac_address-address=web1392286452369&with_is_active=true
2014-02-13T10:19:24+00:00 INFO (6): ------------------------RESPONSE: OK,0,1-------------------------------------
2014-02-13T10:19:24+00:00 INFO (6):  
2014-02-13T10:19:24+00:00 INFO (6): ------------------------COMMIT ------------------------------------
2014-02-13T10:19:37+00:00 INFO (6):  
2014-02-13T10:19:37+00:00 INFO (6): ------------------------PENDINGS: XDDR2189------------------------------------
2014-02-13T10:19:37+00:00 INFO (6): ------------------------Request /pendings?user_id=XDDR2189&user_phone=&mac_address-address=web1392286452369&with_is_active=true
2014-02-13T10:19:37+00:00 INFO (6): ------------------------RESPONSE: OK,0,1-------------------------------------
2014-02-13T10:19:37+00:00 INFO (6):  
2014-02-13T10:19:37+00:00 INFO (6): ------------------------COMMIT ------------------------------------
2014-02-13T10:19:50+00:00 INFO (6):  
2014-02-13T10:19:50+00:00 INFO (6): ------------------------PENDINGS: XDDR2189------------------------------------
2014-02-13T10:19:50+00:00 INFO (6): ------------------------Request /pendings?user_id=XDDR2189&user_phone=&mac_address-address=web1392286452369&with_is_active=true
2014-02-13T10:19:50+00:00 INFO (6): ------------------------RESPONSE: OK,0,1-------------------------------------
2014-02-13T10:19:50+00:00 INFO (6):  
2014-02-13T10:19:50+00:00 INFO (6): ------------------------COMMIT ------------------------------------
2014-02-13T10:20:03+00:00 INFO (6):  
2014-02-13T10:20:03+00:00 INFO (6): ------------------------PENDINGS: XDDR2189------------------------------------
2014-02-13T10:20:03+00:00 INFO (6): ------------------------Request /pendings?user_id=XDDR2189&user_phone=&mac_address-address=web1392286452369&with_is_active=true
2014-02-13T10:20:03+00:00 INFO (6): ------------------------RESPONSE: OK,0,1-------------------------------------
2014-02-13T10:20:03+00:00 INFO (6):  
2014-02-13T10:20:03+00:00 INFO (6): ------------------------COMMIT ------------------------------------
2014-02-13T10:20:16+00:00 INFO (6):  
2014-02-13T10:20:16+00:00 INFO (6): ------------------------PENDINGS: XDDR2189------------------------------------
2014-02-13T10:20:16+00:00 INFO (6): ------------------------Request /pendings?user_id=XDDR2189&user_phone=&mac_address-address=web1392286452369&with_is_active=true
2014-02-13T10:20:16+00:00 INFO (6): ------------------------RESPONSE: OK,0,1-------------------------------------
2014-02-13T10:20:16+00:00 INFO (6):  
2014-02-13T10:20:16+00:00 INFO (6): ------------------------COMMIT ------------------------------------
2014-02-13T10:20:28+00:00 INFO (6):  
2014-02-13T10:20:28+00:00 INFO (6): ------------------------PENDINGS: XDDR2189------------------------------------
2014-02-13T10:20:28+00:00 INFO (6): ------------------------Request /pendings?user_id=XDDR2189&user_phone=&mac_address-address=web1392286452369&with_is_active=true
2014-02-13T10:20:28+00:00 INFO (6): ------------------------RESPONSE: OK,0,1-------------------------------------
2014-02-13T10:20:28+00:00 INFO (6):  
2014-02-13T10:20:28+00:00 INFO (6): ------------------------COMMIT ------------------------------------
2014-02-13T10:20:41+00:00 INFO (6):  
2014-02-13T10:20:41+00:00 INFO (6): ------------------------PENDINGS: XDDR2189------------------------------------
2014-02-13T10:20:41+00:00 INFO (6): ------------------------Request /pendings?user_id=XDDR2189&user_phone=&mac_address-address=web1392286452369&with_is_active=true
2014-02-13T10:20:41+00:00 INFO (6): ------------------------RESPONSE: OK,0,1-------------------------------------
2014-02-13T10:20:41+00:00 INFO (6):  
2014-02-13T10:20:41+00:00 INFO (6): ------------------------COMMIT ------------------------------------
2014-02-13T10:20:52+00:00 INFO (6): ------------------------LOGIN PIN:XDDR2189 - RESPONSE: OK,0,1,2,9724,15-------------------------------------
2014-02-13T10:20:54+00:00 INFO (6):  
2014-02-13T10:20:54+00:00 INFO (6): ------------------------PENDINGS: XDDR2189------------------------------------
2014-02-13T10:20:54+00:00 INFO (6): ------------------------Request /pendings?user_id=XDDR2189&user_phone=&mac_address-address=web1392286452369&with_is_active=true
2014-02-13T10:20:54+00:00 INFO (6): ------------------------RESPONSE: OK,0,1-------------------------------------
2014-02-13T10:20:54+00:00 INFO (6):  
2014-02-13T10:20:54+00:00 INFO (6): ------------------------COMMIT ------------------------------------
2014-02-13T10:20:59+00:00 INFO (6): ------------------------LOGIN PIN:XDDR2189 - RESPONSE: OK,0,1,2,9724,15-------------------------------------
2014-02-13T10:21:00+00:00 INFO (6):  
2014-02-13T10:21:00+00:00 INFO (6): ------------------------PENDINGS: XDDR2189------------------------------------
2014-02-13T10:21:00+00:00 INFO (6): ------------------------Request /pendings?user_id=XDDR2189&user_phone=&mac_address-address=web1392286452369&with_is_active=true
2014-02-13T10:21:00+00:00 INFO (6): ------------------------RESPONSE: OK,0,1-------------------------------------
2014-02-13T10:21:00+00:00 INFO (6):  
2014-02-13T10:21:00+00:00 INFO (6): ------------------------COMMIT ------------------------------------
2014-02-13T10:21:00+00:00 INFO (6): ------------------------LOGIN PIN:XDDR2189 - RESPONSE: OK,0,1,2,9724,15-------------------------------------
2014-02-13T10:21:00+00:00 INFO (6): ------------------------LOGIN PIN:XDDR2189 - RESPONSE: OK,0,1,2,9724,15-------------------------------------
2014-02-13T10:21:03+00:00 INFO (6):  
2014-02-13T10:21:03+00:00 INFO (6): ------------------------PENDINGS: XDDR2189------------------------------------
2014-02-13T10:21:03+00:00 INFO (6): ------------------------Request /pendings?user_id=XDDR2189&user_phone=&mac_address-address=web1392286452369&with_is_active=true
2014-02-13T10:21:03+00:00 INFO (6): ------------------------RESPONSE: OK,0,1-------------------------------------
2014-02-13T10:21:03+00:00 INFO (6):  
2014-02-13T10:21:03+00:00 INFO (6): ------------------------COMMIT ------------------------------------
2014-02-13T10:21:06+00:00 INFO (6):  
2014-02-13T10:21:06+00:00 INFO (6): ------------------------PENDINGS: XDDR2189------------------------------------
2014-02-13T10:21:06+00:00 INFO (6): ------------------------Request /pendings?user_id=XDDR2189&user_phone=&mac_address-address=web1392286452369&with_is_active=true
2014-02-13T10:21:06+00:00 INFO (6): ------------------------RESPONSE: OK,0,1-------------------------------------
2014-02-13T10:21:06+00:00 INFO (6):  
2014-02-13T10:21:06+00:00 INFO (6): ------------------------COMMIT ------------------------------------
2014-02-13T10:21:09+00:00 INFO (6):  
2014-02-13T10:21:09+00:00 INFO (6): ------------------------PENDINGS: XDDR2189------------------------------------
2014-02-13T10:21:09+00:00 INFO (6): ------------------------Request /pendings?user_id=XDDR2189&user_phone=&mac_address-address=web1392286452369&with_is_active=true
2014-02-13T10:21:09+00:00 INFO (6): ------------------------RESPONSE: OK,0,1-------------------------------------
2014-02-13T10:21:09+00:00 INFO (6):  
2014-02-13T10:21:09+00:00 INFO (6): ------------------------COMMIT ------------------------------------
2014-02-13T10:21:21+00:00 INFO (6): ------------------------LOGIN PIN:XDDR2189 - RESPONSE: OK,0,1,2,9724,15-------------------------------------
2014-02-13T10:21:21+00:00 INFO (6): ------------------------LOGIN PIN:XDDR2189 - RESPONSE: OK,0,1,2,9724,15-------------------------------------
2014-02-13T10:21:21+00:00 INFO (6):  
2014-02-13T10:21:21+00:00 INFO (6): ------------------------PENDINGS: XDDR2189------------------------------------
2014-02-13T10:21:21+00:00 INFO (6): ------------------------Request /pendings?user_id=XDDR2189&user_phone=&mac_address-address=web1392286452369&with_is_active=true
2014-02-13T10:21:21+00:00 INFO (6): ------------------------RESPONSE: OK,0,1-------------------------------------
2014-02-13T10:21:21+00:00 INFO (6):  
2014-02-13T10:21:21+00:00 INFO (6): ------------------------COMMIT ------------------------------------
2014-02-13T10:21:21+00:00 INFO (6): ------------------------LOGIN PIN:XDDR2189 - RESPONSE: OK,0,1,2,9724,15-------------------------------------
2014-02-13T10:21:21+00:00 INFO (6): ------------------------LOGIN PIN:XDDR2189 - RESPONSE: OK,0,1,2,9724,15-------------------------------------
2014-02-13T10:21:24+00:00 INFO (6):  
2014-02-13T10:21:24+00:00 INFO (6): ------------------------PENDINGS: XDDR2189------------------------------------
2014-02-13T10:21:24+00:00 INFO (6): ------------------------Request /pendings?user_id=XDDR2189&user_phone=&mac_address-address=web1392286452369&with_is_active=true
2014-02-13T10:21:24+00:00 INFO (6): ------------------------RESPONSE: OK,0,1-------------------------------------
2014-02-13T10:21:24+00:00 INFO (6):  
2014-02-13T10:21:24+00:00 INFO (6): ------------------------COMMIT ------------------------------------
2014-02-13T10:22:14+00:00 INFO (6):  
2014-02-13T10:22:14+00:00 INFO (6): ------------------------PENDINGS: XDDR2189------------------------------------
2014-02-13T10:22:14+00:00 INFO (6): ------------------------Request /pendings?user_id=XDDR2189&user_phone=&mac_address-address=web1392286933900&with_is_active=true
2014-02-13T10:22:14+00:00 INFO (6): ------------------------RESPONSE: OK,0,0-------------------------------------
2014-02-13T10:22:14+00:00 INFO (6):  
2014-02-13T10:22:14+00:00 INFO (6): ------------------------COMMIT ------------------------------------
2014-02-13T10:22:14+00:00 INFO (6): ------------------------LOGIN PIN:XDDR2189 - RESPONSE: OK,0,1,2,9724,15-------------------------------------
2014-02-13T10:22:14+00:00 INFO (6): ------------------------LOGIN PIN:XDDR2189 - RESPONSE: OK,0,1,2,9724,15-------------------------------------
2014-02-13T10:22:28+00:00 INFO (6):  
2014-02-13T10:22:28+00:00 INFO (6): ------------------------PENDINGS: XDDR2189------------------------------------
2014-02-13T10:22:28+00:00 INFO (6): ------------------------Request /pendings?user_id=XDDR2189&user_phone=&mac_address-address=web1392286947868&with_is_active=true
2014-02-13T10:22:28+00:00 INFO (6): ------------------------RESPONSE: OK,0,0-------------------------------------
2014-02-13T10:22:28+00:00 INFO (6):  
2014-02-13T10:22:28+00:00 INFO (6): ------------------------COMMIT ------------------------------------
2014-02-13T10:22:28+00:00 INFO (6): ------------------------LOGIN PIN:XDDR2189 - RESPONSE: OK,0,1,2,9724,15-------------------------------------
2014-02-13T10:22:28+00:00 INFO (6): ------------------------LOGIN PIN:XDDR2189 - RESPONSE: OK,0,1,2,9724,15-------------------------------------
2014-02-13T10:22:31+00:00 INFO (6):  
2014-02-13T10:22:31+00:00 INFO (6): ------------------------PENDINGS: XDDR2189------------------------------------
2014-02-13T10:22:31+00:00 INFO (6): ------------------------Request /pendings?user_id=XDDR2189&user_phone=&mac_address-address=web1392286947868&with_is_active=true
2014-02-13T10:22:31+00:00 INFO (6): ------------------------RESPONSE: OK,0,1-------------------------------------
2014-02-13T10:22:31+00:00 INFO (6):  
2014-02-13T10:22:31+00:00 INFO (6): ------------------------COMMIT ------------------------------------
2014-02-13T10:22:31+00:00 INFO (6): ------------------------LOGIN PIN:XDDR2189 - RESPONSE: OK,0,1,2,9724,15-------------------------------------
2014-02-13T10:22:31+00:00 INFO (6): ------------------------LOGIN PIN:XDDR2189 - RESPONSE: OK,0,1,2,9724,15-------------------------------------
2014-02-13T10:22:31+00:00 INFO (6): ------------------------LOGIN PIN:XDDR2189 - RESPONSE: OK,0,1,2,9724,15-------------------------------------
2014-02-13T10:22:31+00:00 INFO (6): ------------------------LOGIN PIN:XDDR2189 - RESPONSE: OK,0,1,2,9724,15-------------------------------------
2014-02-13T10:23:23+00:00 INFO (6):  
2014-02-13T10:23:23+00:00 INFO (6): ------------------------PENDINGS: XDDR2189------------------------------------
2014-02-13T10:23:23+00:00 INFO (6): ------------------------Request /pendings?user_id=XDDR2189&user_phone=&mac_address-address=web1392287003058&with_is_active=true
2014-02-13T10:23:23+00:00 INFO (6): ------------------------RESPONSE: OK,0,0-------------------------------------
2014-02-13T10:23:23+00:00 INFO (6):  
2014-02-13T10:23:23+00:00 INFO (6): ------------------------COMMIT ------------------------------------
2014-02-13T10:23:23+00:00 INFO (6): ------------------------LOGIN PIN:XDDR2189 - RESPONSE: OK,0,1,2,9724,15-------------------------------------
2014-02-13T10:23:23+00:00 INFO (6): ------------------------LOGIN PIN:XDDR2189 - RESPONSE: OK,0,1,2,9724,15-------------------------------------
2014-02-13T10:23:26+00:00 INFO (6):  
2014-02-13T10:23:26+00:00 INFO (6): ------------------------PENDINGS: XDDR2189------------------------------------
2014-02-13T10:23:26+00:00 INFO (6): ------------------------Request /pendings?user_id=XDDR2189&user_phone=&mac_address-address=web1392287003058&with_is_active=true
2014-02-13T10:23:26+00:00 INFO (6): ------------------------RESPONSE: OK,0,1-------------------------------------
2014-02-13T10:23:26+00:00 INFO (6):  
2014-02-13T10:23:26+00:00 INFO (6): ------------------------COMMIT ------------------------------------
2014-02-13T10:23:26+00:00 INFO (6): ------------------------LOGIN PIN:XDDR2189 - RESPONSE: OK,0,1,2,9724,15-------------------------------------
2014-02-13T10:23:26+00:00 INFO (6): ------------------------LOGIN PIN:XDDR2189 - RESPONSE: OK,0,1,2,9724,15-------------------------------------
2014-02-13T10:23:29+00:00 INFO (6):  
2014-02-13T10:23:29+00:00 INFO (6): ------------------------PENDINGS: XDDR2189------------------------------------
2014-02-13T10:23:29+00:00 INFO (6): ------------------------Request /pendings?user_id=XDDR2189&user_phone=&mac_address-address=web1392287003058&with_is_active=true
2014-02-13T10:23:29+00:00 INFO (6): ------------------------RESPONSE: OK,0,0-------------------------------------
2014-02-13T10:23:29+00:00 INFO (6):  
2014-02-13T10:23:29+00:00 INFO (6): ------------------------COMMIT ------------------------------------
2014-02-13T16:17:55+00:00 INFO (6):  
2014-02-13T16:17:55+00:00 INFO (6): ------------------------PENDINGS: XDDR2189------------------------------------
2014-02-13T16:17:55+00:00 INFO (6): ------------------------Request /pendings?user_id=XDDR2189&user_phone=&mac_address-address=web1392308275295&with_is_active=true
2014-02-13T16:17:55+00:00 INFO (6): ------------------------RESPONSE: OK,0,0-------------------------------------
2014-02-13T16:17:55+00:00 INFO (6):  
2014-02-13T16:17:55+00:00 INFO (6): ------------------------COMMIT ------------------------------------
2014-02-13T16:17:55+00:00 INFO (6): ------------------------LOGIN PIN:XDDR2189 - RESPONSE: OK,0,1,2,9724,15-------------------------------------
2014-02-13T16:17:55+00:00 INFO (6): ------------------------LOGIN PIN:XDDR2189 - RESPONSE: OK,0,1,2,9724,15-------------------------------------
2014-02-13T16:17:58+00:00 INFO (6):  
2014-02-13T16:17:58+00:00 INFO (6): ------------------------PENDINGS: XDDR2189------------------------------------
2014-02-13T16:17:58+00:00 INFO (6): ------------------------Request /pendings?user_id=XDDR2189&user_phone=&mac_address-address=web1392308275295&with_is_active=true
2014-02-13T16:17:58+00:00 INFO (6): ------------------------RESPONSE: OK,0,0-------------------------------------
2014-02-13T16:17:58+00:00 INFO (6):  
2014-02-13T16:17:58+00:00 INFO (6): ------------------------COMMIT ------------------------------------
2014-02-13T16:18:02+00:00 INFO (6):  
2014-02-13T16:18:02+00:00 INFO (6): ------------------------PENDINGS: XDDR2189------------------------------------
2014-02-13T16:18:02+00:00 INFO (6): ------------------------Request /pendings?user_id=XDDR2189&user_phone=&mac_address-address=web1392308275295&with_is_active=true
2014-02-13T16:18:02+00:00 INFO (6): ------------------------RESPONSE: OK,0,0-------------------------------------
2014-02-13T16:18:02+00:00 INFO (6):  
2014-02-13T16:18:02+00:00 INFO (6): ------------------------COMMIT ------------------------------------
2014-02-13T16:18:05+00:00 INFO (6):  
2014-02-13T16:18:05+00:00 INFO (6): ------------------------PENDINGS: XDDR2189------------------------------------
2014-02-13T16:18:05+00:00 INFO (6): ------------------------Request /pendings?user_id=XDDR2189&user_phone=&mac_address-address=web1392308275295&with_is_active=true
2014-02-13T16:18:05+00:00 INFO (6): ------------------------RESPONSE: OK,0,0-------------------------------------
2014-02-13T16:18:05+00:00 INFO (6):  
2014-02-13T16:18:05+00:00 INFO (6): ------------------------COMMIT ------------------------------------
2014-02-13T16:18:08+00:00 INFO (6):  
2014-02-13T16:18:08+00:00 INFO (6): ------------------------PENDINGS: XDDR2189------------------------------------
2014-02-13T16:18:08+00:00 INFO (6): ------------------------Request /pendings?user_id=XDDR2189&user_phone=&mac_address-address=web1392308275295&with_is_active=true
2014-02-13T16:18:08+00:00 INFO (6): ------------------------RESPONSE: OK,0,0-------------------------------------
2014-02-13T16:18:08+00:00 INFO (6):  
2014-02-13T16:18:08+00:00 INFO (6): ------------------------COMMIT ------------------------------------
2014-02-13T16:18:11+00:00 INFO (6):  
2014-02-13T16:18:11+00:00 INFO (6): ------------------------PENDINGS: XDDR2189------------------------------------
2014-02-13T16:18:11+00:00 INFO (6): ------------------------Request /pendings?user_id=XDDR2189&user_phone=&mac_address-address=web1392308275295&with_is_active=true
2014-02-13T16:18:11+00:00 INFO (6): ------------------------RESPONSE: OK,0,0-------------------------------------
2014-02-13T16:18:11+00:00 INFO (6):  
2014-02-13T16:18:11+00:00 INFO (6): ------------------------COMMIT ------------------------------------
2014-02-13T16:18:14+00:00 INFO (6):  
2014-02-13T16:18:14+00:00 INFO (6): ------------------------PENDINGS: XDDR2189------------------------------------
2014-02-13T16:18:14+00:00 INFO (6): ------------------------Request /pendings?user_id=XDDR2189&user_phone=&mac_address-address=web1392308275295&with_is_active=true
2014-02-13T16:18:14+00:00 INFO (6): ------------------------RESPONSE: OK,0,0-------------------------------------
2014-02-13T16:18:14+00:00 INFO (6):  
2014-02-13T16:18:14+00:00 INFO (6): ------------------------COMMIT ------------------------------------
2014-02-13T16:18:26+00:00 INFO (6):  
2014-02-13T16:18:26+00:00 INFO (6): ------------------------PENDINGS: XDDR2189------------------------------------
2014-02-13T16:18:26+00:00 INFO (6): ------------------------Request /pendings?user_id=XDDR2189&user_phone=&mac_address-address=web1392308275295&with_is_active=true
2014-02-13T16:18:26+00:00 INFO (6): ------------------------RESPONSE: OK,0,0-------------------------------------
2014-02-13T16:18:26+00:00 INFO (6):  
2014-02-13T16:18:26+00:00 INFO (6): ------------------------COMMIT ------------------------------------
2014-02-13T16:18:38+00:00 INFO (6): ------------------------LOGIN PIN:XDDR2189 - RESPONSE: OK,0,1,2,9724,15-------------------------------------
2014-02-13T16:18:38+00:00 INFO (6):  
2014-02-13T16:18:38+00:00 INFO (6): ------------------------PENDINGS: XDDR2189------------------------------------
2014-02-13T16:18:38+00:00 INFO (6): ------------------------Request /pendings?user_id=XDDR2189&user_phone=&mac_address-address=web1392308275295&with_is_active=true
2014-02-13T16:18:38+00:00 INFO (6): ------------------------RESPONSE: OK,0,1-------------------------------------
2014-02-13T16:18:38+00:00 INFO (6):  
2014-02-13T16:18:38+00:00 INFO (6): ------------------------COMMIT ------------------------------------
2014-02-13T16:18:38+00:00 INFO (6): ------------------------LOGIN PIN:XDDR2189 - RESPONSE: OK,0,1,2,9724,15-------------------------------------
2014-02-13T16:18:38+00:00 INFO (6): ------------------------LOGIN PIN:XDDR2189 - RESPONSE: OK,0,1,2,9724,15-------------------------------------
2014-02-13T16:18:41+00:00 INFO (6):  
2014-02-13T16:18:41+00:00 INFO (6): ------------------------PENDINGS: XDDR2189------------------------------------
2014-02-13T16:18:41+00:00 INFO (6): ------------------------Request /pendings?user_id=XDDR2189&user_phone=&mac_address-address=web1392308275295&with_is_active=true
2014-02-13T16:18:41+00:00 INFO (6): ------------------------RESPONSE: OK,0,1-------------------------------------
2014-02-13T16:18:41+00:00 INFO (6):  
2014-02-13T16:18:41+00:00 INFO (6): ------------------------COMMIT ------------------------------------
2014-02-13T16:18:44+00:00 INFO (6):  
2014-02-13T16:18:44+00:00 INFO (6): ------------------------PENDINGS: XDDR2189------------------------------------
2014-02-13T16:18:44+00:00 INFO (6): ------------------------Request /pendings?user_id=XDDR2189&user_phone=&mac_address-address=web1392308275295&with_is_active=true
2014-02-13T16:18:44+00:00 INFO (6): ------------------------RESPONSE: OK,0,1-------------------------------------
2014-02-13T16:18:44+00:00 INFO (6):  
2014-02-13T16:18:44+00:00 INFO (6): ------------------------COMMIT ------------------------------------
2014-02-13T16:18:48+00:00 INFO (6):  
2014-02-13T16:18:48+00:00 INFO (6): ------------------------PENDINGS: XDDR2189------------------------------------
2014-02-13T16:18:48+00:00 INFO (6): ------------------------Request /pendings?user_id=XDDR2189&user_phone=&mac_address-address=web1392308275295&with_is_active=true
2014-02-13T16:18:48+00:00 INFO (6): ------------------------RESPONSE: OK,0,1-------------------------------------
2014-02-13T16:18:48+00:00 INFO (6):  
2014-02-13T16:18:48+00:00 INFO (6): ------------------------COMMIT ------------------------------------
2014-02-13T16:18:51+00:00 INFO (6):  
2014-02-13T16:18:51+00:00 INFO (6): ------------------------PENDINGS: XDDR2189------------------------------------
2014-02-13T16:18:51+00:00 INFO (6): ------------------------Request /pendings?user_id=XDDR2189&user_phone=&mac_address-address=web1392308275295&with_is_active=true
2014-02-13T16:18:51+00:00 INFO (6): ------------------------RESPONSE: OK,0,1-------------------------------------
2014-02-13T16:18:51+00:00 INFO (6):  
2014-02-13T16:18:51+00:00 INFO (6): ------------------------COMMIT ------------------------------------
2014-02-13T16:18:54+00:00 INFO (6):  
2014-02-13T16:18:54+00:00 INFO (6): ------------------------PENDINGS: XDDR2189------------------------------------
2014-02-13T16:18:54+00:00 INFO (6): ------------------------Request /pendings?user_id=XDDR2189&user_phone=&mac_address-address=web1392308275295&with_is_active=true
2014-02-13T16:18:54+00:00 INFO (6): ------------------------RESPONSE: OK,0,1-------------------------------------
2014-02-13T16:18:54+00:00 INFO (6):  
2014-02-13T16:18:54+00:00 INFO (6): ------------------------COMMIT ------------------------------------
2014-02-13T16:18:57+00:00 INFO (6): ------------------------LOGIN PIN:XDDR2189 - RESPONSE: OK,0,1,2,9724,15-------------------------------------
2014-02-13T16:19:06+00:00 INFO (6):  
2014-02-13T16:19:06+00:00 INFO (6): ------------------------PENDINGS: XDDR2189------------------------------------
2014-02-13T16:19:06+00:00 INFO (6): ------------------------Request /pendings?user_id=XDDR2189&user_phone=&mac_address-address=web1392308275295&with_is_active=true
2014-02-13T16:19:06+00:00 INFO (6): ------------------------RESPONSE: OK,0,1-------------------------------------
2014-02-13T16:19:06+00:00 INFO (6):  
2014-02-13T16:19:06+00:00 INFO (6): ------------------------COMMIT ------------------------------------
2014-02-13T16:19:18+00:00 INFO (6):  
2014-02-13T16:19:18+00:00 INFO (6): ------------------------PENDINGS: XDDR2189------------------------------------
2014-02-13T16:19:18+00:00 INFO (6): ------------------------Request /pendings?user_id=XDDR2189&user_phone=&mac_address-address=web1392308275295&with_is_active=true
2014-02-13T16:19:18+00:00 INFO (6): ------------------------RESPONSE: OK,0,1-------------------------------------
2014-02-13T16:19:18+00:00 INFO (6):  
2014-02-13T16:19:18+00:00 INFO (6): ------------------------COMMIT ------------------------------------
2014-02-13T16:19:22+00:00 INFO (6): ------------------------LOGIN PIN:XDDR2189 - RESPONSE: OK,0,1,2,9724,15-------------------------------------
2014-02-13T16:19:30+00:00 INFO (6):  
2014-02-13T16:19:30+00:00 INFO (6): ------------------------PENDINGS: XDDR2189------------------------------------
2014-02-13T16:19:30+00:00 INFO (6): ------------------------Request /pendings?user_id=XDDR2189&user_phone=&mac_address-address=web1392308275295&with_is_active=true
2014-02-13T16:19:30+00:00 INFO (6): ------------------------RESPONSE: OK,0,1-------------------------------------
2014-02-13T16:19:30+00:00 INFO (6):  
2014-02-13T16:19:30+00:00 INFO (6): ------------------------COMMIT ------------------------------------
2014-02-13T16:19:43+00:00 INFO (6):  
2014-02-13T16:19:43+00:00 INFO (6): ------------------------PENDINGS: XDDR2189------------------------------------
2014-02-13T16:19:43+00:00 INFO (6): ------------------------Request /pendings?user_id=XDDR2189&user_phone=&mac_address-address=web1392308275295&with_is_active=true
2014-02-13T16:19:43+00:00 INFO (6): ------------------------RESPONSE: OK,0,1-------------------------------------
2014-02-13T16:19:43+00:00 INFO (6):  
2014-02-13T16:19:43+00:00 INFO (6): ------------------------COMMIT ------------------------------------
2014-02-13T16:19:56+00:00 INFO (6):  
2014-02-13T16:19:56+00:00 INFO (6): ------------------------PENDINGS: XDDR2189------------------------------------
2014-02-13T16:19:56+00:00 INFO (6): ------------------------Request /pendings?user_id=XDDR2189&user_phone=&mac_address-address=web1392308275295&with_is_active=true
2014-02-13T16:19:56+00:00 INFO (6): ------------------------RESPONSE: OK,0,1-------------------------------------
2014-02-13T16:19:56+00:00 INFO (6):  
2014-02-13T16:19:57+00:00 INFO (6): ------------------------COMMIT ------------------------------------
2014-02-13T16:20:00+00:00 INFO (6): ------------------------LOGIN PIN:XDDR2189 - RESPONSE: OK,0,1,2,9724,15-------------------------------------
2014-02-13T16:20:09+00:00 INFO (6):  
2014-02-13T16:20:09+00:00 INFO (6): ------------------------PENDINGS: XDDR2189------------------------------------
2014-02-13T16:20:09+00:00 INFO (6): ------------------------Request /pendings?user_id=XDDR2189&user_phone=&mac_address-address=web1392308275295&with_is_active=true
2014-02-13T16:20:09+00:00 INFO (6): ------------------------RESPONSE: OK,0,1-------------------------------------
2014-02-13T16:20:09+00:00 INFO (6):  
2014-02-13T16:20:09+00:00 INFO (6): ------------------------COMMIT ------------------------------------
2014-02-13T16:20:21+00:00 INFO (6):  
2014-02-13T16:20:21+00:00 INFO (6): ------------------------PENDINGS: XDDR2189------------------------------------
2014-02-13T16:20:21+00:00 INFO (6): ------------------------Request /pendings?user_id=XDDR2189&user_phone=&mac_address-address=web1392308275295&with_is_active=true
2014-02-13T16:20:21+00:00 INFO (6): ------------------------RESPONSE: OK,0,1-------------------------------------
2014-02-13T16:20:21+00:00 INFO (6):  
2014-02-13T16:20:21+00:00 INFO (6): ------------------------COMMIT ------------------------------------
2014-02-13T16:20:33+00:00 INFO (6):  
2014-02-13T16:20:33+00:00 INFO (6): ------------------------PENDINGS: XDDR2189------------------------------------
2014-02-13T16:20:33+00:00 INFO (6): ------------------------Request /pendings?user_id=XDDR2189&user_phone=&mac_address-address=web1392308275295&with_is_active=true
2014-02-13T16:20:33+00:00 INFO (6): ------------------------RESPONSE: OK,0,1-------------------------------------
2014-02-13T16:20:33+00:00 INFO (6):  
2014-02-13T16:20:33+00:00 INFO (6): ------------------------COMMIT ------------------------------------
2014-02-13T16:20:43+00:00 INFO (6): ------------------------LOGIN PIN:XDDR2189 - RESPONSE: OK,0,1,2,9724,15-------------------------------------
2014-02-13T16:20:46+00:00 INFO (6):  
2014-02-13T16:20:46+00:00 INFO (6): ------------------------PENDINGS: XDDR2189------------------------------------
2014-02-13T16:20:46+00:00 INFO (6): ------------------------Request /pendings?user_id=XDDR2189&user_phone=&mac_address-address=web1392308275295&with_is_active=true
2014-02-13T16:20:46+00:00 INFO (6): ------------------------RESPONSE: OK,0,1-------------------------------------
2014-02-13T16:20:46+00:00 INFO (6):  
2014-02-13T16:20:46+00:00 INFO (6): ------------------------COMMIT ------------------------------------
2014-02-13T16:20:58+00:00 INFO (6):  
2014-02-13T16:20:58+00:00 INFO (6): ------------------------PENDINGS: XDDR2189------------------------------------
2014-02-13T16:20:58+00:00 INFO (6): ------------------------Request /pendings?user_id=XDDR2189&user_phone=&mac_address-address=web1392308275295&with_is_active=true
2014-02-13T16:20:58+00:00 INFO (6): ------------------------RESPONSE: OK,0,1-------------------------------------
2014-02-13T16:20:58+00:00 INFO (6):  
2014-02-13T16:20:58+00:00 INFO (6): ------------------------COMMIT ------------------------------------
2014-02-13T16:21:04+00:00 INFO (6): ------------------------LOGIN PIN:XDDR2189 - RESPONSE: OK,0,1,2,9724,15-------------------------------------
2014-02-13T16:21:04+00:00 INFO (6): ------------------------LOGIN PIN:XDDR2189 - RESPONSE: OK,0,1,2,9724,15-------------------------------------
2014-02-13T16:21:04+00:00 INFO (6):  
2014-02-13T16:21:04+00:00 INFO (6): ------------------------PENDINGS: XDDR2189------------------------------------
2014-02-13T16:21:04+00:00 INFO (6): ------------------------Request /pendings?user_id=XDDR2189&user_phone=&mac_address-address=web1392308275295&with_is_active=true
2014-02-13T16:21:04+00:00 INFO (6): ------------------------RESPONSE: OK,0,1-------------------------------------
2014-02-13T16:21:04+00:00 INFO (6):  
2014-02-13T16:21:04+00:00 INFO (6): ------------------------COMMIT ------------------------------------
2014-02-13T16:21:04+00:00 INFO (6): ------------------------LOGIN PIN:XDDR2189 - RESPONSE: OK,0,1,2,9724,15-------------------------------------
2014-02-13T16:21:07+00:00 INFO (6):  
2014-02-13T16:21:07+00:00 INFO (6): ------------------------PENDINGS: XDDR2189------------------------------------
2014-02-13T16:21:07+00:00 INFO (6): ------------------------Request /pendings?user_id=XDDR2189&user_phone=&mac_address-address=web1392308275295&with_is_active=true
2014-02-13T16:21:07+00:00 INFO (6): ------------------------RESPONSE: OK,0,1-------------------------------------
2014-02-13T16:21:07+00:00 INFO (6):  
2014-02-13T16:21:07+00:00 INFO (6): ------------------------COMMIT ------------------------------------
2014-02-13T16:21:11+00:00 INFO (6):  
2014-02-13T16:21:11+00:00 INFO (6): ------------------------PENDINGS: XDDR2189------------------------------------
2014-02-13T16:21:11+00:00 INFO (6): ------------------------Request /pendings?user_id=XDDR2189&user_phone=&mac_address-address=web1392308275295&with_is_active=true
2014-02-13T16:21:11+00:00 INFO (6): ------------------------RESPONSE: OK,0,1-------------------------------------
2014-02-13T16:21:11+00:00 INFO (6):  
2014-02-13T16:21:11+00:00 INFO (6): ------------------------COMMIT ------------------------------------
2014-02-13T16:21:14+00:00 INFO (6):  
2014-02-13T16:21:14+00:00 INFO (6): ------------------------PENDINGS: XDDR2189------------------------------------
2014-02-13T16:21:14+00:00 INFO (6): ------------------------Request /pendings?user_id=XDDR2189&user_phone=&mac_address-address=web1392308275295&with_is_active=true
2014-02-13T16:21:14+00:00 INFO (6): ------------------------RESPONSE: OK,0,1-------------------------------------
2014-02-13T16:21:14+00:00 INFO (6):  
2014-02-13T16:21:14+00:00 INFO (6): ------------------------COMMIT ------------------------------------
2014-02-13T16:21:17+00:00 INFO (6):  
2014-02-13T16:21:17+00:00 INFO (6): ------------------------PENDINGS: XDDR2189------------------------------------
2014-02-13T16:21:17+00:00 INFO (6): ------------------------Request /pendings?user_id=XDDR2189&user_phone=&mac_address-address=web1392308275295&with_is_active=true
2014-02-13T16:21:17+00:00 INFO (6): ------------------------RESPONSE: OK,0,1-------------------------------------
2014-02-13T16:21:17+00:00 INFO (6):  
2014-02-13T16:21:17+00:00 INFO (6): ------------------------COMMIT ------------------------------------
2014-02-13T18:09:40+00:00 INFO (6):  
2014-02-13T18:09:40+00:00 INFO (6): ------------------------PENDINGS: XDDR2189------------------------------------
2014-02-13T18:09:40+00:00 INFO (6): ------------------------Request /pendings?user_id=XDDR2189&user_phone=&mac_address-address=web1392314980132&with_is_active=true
2014-02-13T18:09:40+00:00 INFO (6): ------------------------RESPONSE: OK,0,0-------------------------------------
2014-02-13T18:09:40+00:00 INFO (6):  
2014-02-13T18:09:40+00:00 INFO (6): ------------------------COMMIT ------------------------------------
2014-02-13T18:09:40+00:00 INFO (6): ------------------------LOGIN PIN:XDDR2189 - RESPONSE: OK,0,1,2,9724,15-------------------------------------
2014-02-13T18:09:40+00:00 INFO (6): ------------------------LOGIN PIN:XDDR2189 - RESPONSE: OK,0,1,2,9724,15-------------------------------------
2014-02-13T18:09:43+00:00 INFO (6):  
2014-02-13T18:09:43+00:00 INFO (6): ------------------------PENDINGS: XDDR2189------------------------------------
2014-02-13T18:09:43+00:00 INFO (6): ------------------------Request /pendings?user_id=XDDR2189&user_phone=&mac_address-address=web1392314980132&with_is_active=true
2014-02-13T18:09:43+00:00 INFO (6): ------------------------RESPONSE: OK,0,1-------------------------------------
2014-02-13T18:09:43+00:00 INFO (6):  
2014-02-13T18:09:43+00:00 INFO (6): ------------------------COMMIT ------------------------------------
2014-02-13T18:09:46+00:00 INFO (6):  
2014-02-13T18:09:46+00:00 INFO (6): ------------------------PENDINGS: XDDR2189------------------------------------
2014-02-13T18:09:46+00:00 INFO (6): ------------------------Request /pendings?user_id=XDDR2189&user_phone=&mac_address-address=web1392314980132&with_is_active=true
2014-02-13T18:09:46+00:00 INFO (6): ------------------------RESPONSE: OK,0,1-------------------------------------
2014-02-13T18:09:46+00:00 INFO (6):  
2014-02-13T18:09:46+00:00 INFO (6): ------------------------COMMIT ------------------------------------
2014-08-25T07:51:07+00:00 INFO (6): ------------------------COMMIT ------------------------------------
2014-08-25T07:52:55+00:00 INFO (6): ------------------------COMMIT ------------------------------------
2014-08-25T07:53:55+00:00 INFO (6): ------------------------COMMIT ------------------------------------
2014-08-25T07:54:02+00:00 INFO (6): ------------------------COMMIT ------------------------------------
2014-08-25T07:55:24+00:00 INFO (6): ------------------------COMMIT ------------------------------------
2014-08-25T07:57:22+00:00 INFO (6): ------------------------COMMIT ------------------------------------
2014-08-25T07:57:23+00:00 INFO (6): ------------------------COMMIT ------------------------------------
2014-08-25T07:57:43+00:00 INFO (6): ------------------------COMMIT ------------------------------------
2014-08-25T07:58:28+00:00 INFO (6): ------------------------COMMIT ------------------------------------
2014-08-25T08:00:04+00:00 INFO (6): ------------------------COMMIT ------------------------------------
2014-08-25T08:05:43+00:00 INFO (6): ------------------------COMMIT ------------------------------------
2014-08-25T08:07:16+00:00 INFO (6): ------------------------COMMIT ------------------------------------
2014-08-25T08:29:12+00:00 INFO (6): ------------------------COMMIT ------------------------------------
2014-09-11T12:42:06+00:00 INFO (6): ------------------------COMMIT ------------------------------------
2014-09-13T08:17:47+00:00 INFO (6): ------------------------COMMIT ------------------------------------
2014-09-14T07:22:25+00:00 INFO (6): ------------------------COMMIT ------------------------------------
2014-09-14T07:23:33+00:00 INFO (6): ------------------------COMMIT ------------------------------------
2014-09-14T07:23:54+00:00 INFO (6): ------------------------COMMIT ------------------------------------
2014-09-14T07:26:02+00:00 INFO (6): ------------------------COMMIT ------------------------------------
2014-09-14T07:32:49+00:00 INFO (6): ------------------------COMMIT ------------------------------------
2014-09-14T07:35:15+00:00 INFO (6): ------------------------COMMIT ------------------------------------
